2023-03-07 14:03:36,433 [Worker-2: Loading available Gradle versions] INFO  o.e.b.c.i.u.g.PublishedGradleVersions - Gradle version information cache is out-of-date. Trying to update.
2023-03-07 14:05:40,711 [Worker-11: Creating project "Hocsouretree"] INFO  o.e.m.c.i.l.LifecycleMappingFactory - Using org.eclipse.m2e.jdt.JarLifecycleMapping lifecycle mapping for MavenProject: hy.demosourecetree:Hocsouretree:0.0.1-SNAPSHOT @ C:\sourceTreeDemo\Hocsouretree\pom.xml.
2023-03-07 14:05:42,379 [Worker-11: Creating project "Hocsouretree"] INFO  o.e.m.j.i.AbstractJavaProjectConfigurator - Adding source folder /Hocsouretree/src/main/java
2023-03-07 14:05:42,382 [Worker-11: Creating project "Hocsouretree"] INFO  o.e.m.j.i.AbstractJavaProjectConfigurator - Adding resource folder /Hocsouretree/src/main/resources
2023-03-07 14:05:42,385 [Worker-11: Creating project "Hocsouretree"] INFO  o.e.m.j.i.AbstractJavaProjectConfigurator - Adding source folder /Hocsouretree/src/test/java
2023-03-07 14:05:42,385 [Worker-11: Creating project "Hocsouretree"] INFO  o.e.m.j.i.AbstractJavaProjectConfigurator - Adding resource folder /Hocsouretree/src/test/resources
2023-03-07 14:05:44,517 [Worker-12: Building] WARN  o.e.m.c.i.embedder.EclipseLogger - Using platform encoding (Cp1252 actually) to copy filtered resources, i.e. build is platform dependent!
2023-03-07 14:05:44,524 [Worker-12: Building] INFO  o.e.m.c.i.embedder.EclipseLogger - Copying 0 resource
2023-03-07 14:05:44,527 [Worker-12: Building] WARN  o.e.m.c.i.embedder.EclipseLogger - Using platform encoding (Cp1252 actually) to copy filtered resources, i.e. build is platform dependent!
2023-03-07 14:05:44,529 [Worker-12: Building] INFO  o.e.m.c.i.embedder.EclipseLogger - Copying 0 resource
2023-03-07 14:06:00,834 [Worker-4: Building] WARN  o.e.m.c.i.embedder.EclipseLogger - Using platform encoding (Cp1252 actually) to copy filtered resources, i.e. build is platform dependent!
2023-03-07 14:06:00,841 [Worker-4: Building] INFO  o.e.m.c.i.embedder.EclipseLogger - Copying 0 resource
2023-03-07 14:06:00,844 [Worker-4: Building] WARN  o.e.m.c.i.embedder.EclipseLogger - Using platform encoding (Cp1252 actually) to copy filtered resources, i.e. build is platform dependent!
2023-03-07 14:06:00,846 [Worker-4: Building] INFO  o.e.m.c.i.embedder.EclipseLogger - Copying 0 resource
2023-03-07 14:06:12,983 [Worker-31: Building] WARN  o.e.m.c.i.embedder.EclipseLogger - Using platform encoding (Cp1252 actually) to copy filtered resources, i.e. build is platform dependent!
2023-03-07 14:06:12,987 [Worker-31: Building] INFO  o.e.m.c.i.embedder.EclipseLogger - Copying 0 resource
2023-03-07 14:06:12,989 [Worker-31: Building] WARN  o.e.m.c.i.embedder.EclipseLogger - Using platform encoding (Cp1252 actually) to copy filtered resources, i.e. build is platform dependent!
2023-03-07 14:06:12,991 [Worker-31: Building] INFO  o.e.m.c.i.embedder.EclipseLogger - Copying 0 resource
2023-03-07 14:06:35,608 [Worker-12: Building] WARN  o.e.m.c.i.embedder.EclipseLogger - Using platform encoding (Cp1252 actually) to copy filtered resources, i.e. build is platform dependent!
2023-03-07 14:06:35,611 [Worker-12: Building] INFO  o.e.m.c.i.embedder.EclipseLogger - Copying 0 resource
2023-03-07 14:06:35,613 [Worker-12: Building] WARN  o.e.m.c.i.embedder.EclipseLogger - Using platform encoding (Cp1252 actually) to copy filtered resources, i.e. build is platform dependent!
2023-03-07 14:06:35,617 [Worker-12: Building] INFO  o.e.m.c.i.embedder.EclipseLogger - Copying 0 resource
2023-03-07 14:07:01,471 [Worker-4: Building] WARN  o.e.m.c.i.embedder.EclipseLogger - Using platform encoding (Cp1252 actually) to copy filtered resources, i.e. build is platform dependent!
2023-03-07 14:07:01,474 [Worker-4: Building] INFO  o.e.m.c.i.embedder.EclipseLogger - Copying 0 resource
2023-03-07 14:07:01,476 [Worker-4: Building] WARN  o.e.m.c.i.embedder.EclipseLogger - Using platform encoding (Cp1252 actually) to copy filtered resources, i.e. build is platform dependent!
2023-03-07 14:07:01,480 [Worker-4: Building] INFO  o.e.m.c.i.embedder.EclipseLogger - Copying 0 resource
2023-03-07 14:17:08,127 [Worker-23: Building] INFO  o.e.m.c.i.l.LifecycleMappingFactory - Using org.eclipse.m2e.jdt.JarLifecycleMapping lifecycle mapping for MavenProject: hy.demosourecetree:Hocsouretree:0.0.1-SNAPSHOT @ C:\Users\giahy\Downloads\deMoSourceTreeEclips-main\deMoSourceTreeEclips-main\pom.xml.
2023-03-07 14:17:08,273 [Worker-23: Building] WARN  o.e.m.c.i.embedder.EclipseLogger - Using platform encoding (Cp1252 actually) to copy filtered resources, i.e. build is platform dependent!
2023-03-07 14:17:08,276 [Worker-23: Building] INFO  o.e.m.c.i.embedder.EclipseLogger - skip non existing resourceDirectory C:\Users\giahy\Downloads\deMoSourceTreeEclips-main\deMoSourceTreeEclips-main\src\main\resources
2023-03-07 14:17:08,281 [Worker-23: Building] WARN  o.e.m.c.i.embedder.EclipseLogger - Using platform encoding (Cp1252 actually) to copy filtered resources, i.e. build is platform dependent!
2023-03-07 14:17:08,284 [Worker-23: Building] INFO  o.e.m.c.i.embedder.EclipseLogger - skip non existing resourceDirectory C:\Users\giahy\Downloads\deMoSourceTreeEclips-main\deMoSourceTreeEclips-main\src\test\resources
2023-03-07 14:17:51,270 [Worker-23: Building] INFO  o.e.m.c.i.l.LifecycleMappingFactory - Using org.eclipse.m2e.jdt.JarLifecycleMapping lifecycle mapping for MavenProject: hy.demosourecetree:Hocsouretree:0.0.1-SNAPSHOT @ C:\Users\giahy\Downloads\deMoSourceTreeEclips-main\deMoSourceTreeEclips-main\pom.xml.
2023-03-07 14:17:51,398 [Worker-23: Building] WARN  o.e.m.c.i.embedder.EclipseLogger - Using platform encoding (Cp1252 actually) to copy filtered resources, i.e. build is platform dependent!
2023-03-07 14:17:51,400 [Worker-23: Building] INFO  o.e.m.c.i.embedder.EclipseLogger - skip non existing resourceDirectory C:\Users\giahy\Downloads\deMoSourceTreeEclips-main\deMoSourceTreeEclips-main\src\main\resources
2023-03-07 14:17:51,404 [Worker-23: Building] WARN  o.e.m.c.i.embedder.EclipseLogger - Using platform encoding (Cp1252 actually) to copy filtered resources, i.e. build is platform dependent!
2023-03-07 14:17:51,405 [Worker-23: Building] INFO  o.e.m.c.i.embedder.EclipseLogger - skip non existing resourceDirectory C:\Users\giahy\Downloads\deMoSourceTreeEclips-main\deMoSourceTreeEclips-main\src\test\resources
2023-03-07 14:18:35,264 [Worker-39: Building] INFO  o.e.m.c.i.l.LifecycleMappingFactory - Using org.eclipse.m2e.jdt.JarLifecycleMapping lifecycle mapping for MavenProject: hy.demosourecetree:Hocsouretree:0.0.1-SNAPSHOT @ C:\sourceTreeDemo\Hocsouretree\pom.xml.
2023-03-07 14:18:35,678 [Worker-39: Building] WARN  o.e.m.c.i.embedder.EclipseLogger - Using platform encoding (Cp1252 actually) to copy filtered resources, i.e. build is platform dependent!
2023-03-07 14:18:35,681 [Worker-39: Building] INFO  o.e.m.c.i.embedder.EclipseLogger - Copying 0 resource
2023-03-07 14:18:35,686 [Worker-39: Building] WARN  o.e.m.c.i.embedder.EclipseLogger - Using platform encoding (Cp1252 actually) to copy filtered resources, i.e. build is platform dependent!
2023-03-07 14:18:35,688 [Worker-39: Building] INFO  o.e.m.c.i.embedder.EclipseLogger - Copying 0 resource
